<?xml version="1.0" encoding="UTF-8"?>
<testsuite name="SimpleBankSystemTest" tests="1" skipped="0" failures="0" errors="0" timestamp="2020-10-05T21:16:35" hostname="Annas-MBP.lan" time="0.742">
  <properties/>
  <testcase name="start" classname="SimpleBankSystemTest" time="0.742"/>
  <system-out><![CDATA[?[1;31m
Start test 1?[0m

1. Create an account 
2. Log into account 
0. Exit
> 0

Bye!

?[1;31m
Start test 2?[0m

1. Create an account 
2. Log into account 
0. Exit
> 0

Bye!

?[1;31m
Start test 3?[0m

1. Create an account 
2. Log into account 
0. Exit
> 0

Bye!

?[1;31m
Start test 4?[0m

1. Create an account 
2. Log into account 
0. Exit
> 0

Bye!

?[1;31m
Start test 5?[0m

1. Create an account 
2. Log into account 
0. Exit
> 1

Your card has been created 
Your card number: 
4000003672617954 
Your card PIN: 
0631

1. Create an account 
2. Log into account 
0. Exit
> 1

Your card has been created 
Your card number: 
4000002629273077 
Your card PIN: 
7367

1. Create an account 
2. Log into account 
0. Exit
> 1

Your card has been created 
Your card number: 
4000002906647993 
Your card PIN: 
2581

1. Create an account 
2. Log into account 
0. Exit
> 1

Your card has been created 
Your card number: 
4000000952885673 
Your card PIN: 
7775

1. Create an account 
2. Log into account 
0. Exit
> 0

Bye!

?[1;31m
Start test 6?[0m

1. Create an account 
2. Log into account 
0. Exit
> 1

Your card has been created 
Your card number: 
4000003431148911 
Your card PIN: 
1330

1. Create an account 
2. Log into account 
0. Exit
> 2

Enter your card number:
> 4000003431148911
Enter your PIN:
> 1330

You have successfully logged in!

1. Balance
2. Log out
0. Exit
> 0

Bye!
?[1;31m
Start test 7?[0m

1. Create an account 
2. Log into account 
0. Exit
> 1

Your card has been created 
Your card number: 
4000005268544773 
Your card PIN: 
5551

1. Create an account 
2. Log into account 
0. Exit
> 2

Enter your card number:
> 4000005268544773
Enter your PIN:
> 9180

Wrong card number or PIN!
> 0

Bye!

?[1;31m
Start test 8?[0m

1. Create an account 
2. Log into account 
0. Exit
> 1

Your card has been created 
Your card number: 
4000001747832947 
Your card PIN: 
0257

1. Create an account 
2. Log into account 
0. Exit
> 2

Enter your card number:
> 400000676027218
Enter your PIN:
> 0257

Wrong card number or PIN!
> 0

Bye!

?[1;31m
Start test 9?[0m

1. Create an account 
2. Log into account 
0. Exit
> 1

Your card has been created 
Your card number: 
4000000414733958 
Your card PIN: 
1569

1. Create an account 
2. Log into account 
0. Exit
> 2

Enter your card number:
> 4000000414733958
Enter your PIN:
> 1569

You have successfully logged in!

1. Balance
2. Log out
0. Exit
> 1

Balance: 0

1. Balance
2. Log out
0. Exit
> 0

Bye!
]]></system-out>
  <system-err><![CDATA[]]></system-err>
</testsuite>
