<?xml version="1.0" encoding="UTF-8"?>
<testsuite name="SimpleBankSystemTest" tests="1" skipped="0" failures="0" errors="0" timestamp="2020-10-06T20:23:22" hostname="Annas-MacBook-Pro.local" time="0.641">
  <properties/>
  <testcase name="start" classname="SimpleBankSystemTest" time="0.641"/>
  <system-out><![CDATA[?[1;31m
Start test 1?[0m

1. Create an account 
2. Log into account 
0. Exit
> 0

Bye!

?[1;31m
Start test 2?[0m

1. Create an account 
2. Log into account 
0. Exit
> 0

Bye!

?[1;31m
Start test 3?[0m

1. Create an account 
2. Log into account 
0. Exit
> 0

Bye!

?[1;31m
Start test 4?[0m

1. Create an account 
2. Log into account 
0. Exit
> 0

Bye!

?[1;31m
Start test 5?[0m

1. Create an account 
2. Log into account 
0. Exit
> 1

Your card has been created 
Your card number: 
4000007692584557 
Your card PIN: 
8266

1. Create an account 
2. Log into account 
0. Exit
> 1

Your card has been created 
Your card number: 
4000001714046315 
Your card PIN: 
7342

1. Create an account 
2. Log into account 
0. Exit
> 1

Your card has been created 
Your card number: 
4000003185143407 
Your card PIN: 
5284

1. Create an account 
2. Log into account 
0. Exit
> 1

Your card has been created 
Your card number: 
4000009905727999 
Your card PIN: 
6927

1. Create an account 
2. Log into account 
0. Exit
> 0

Bye!

?[1;31m
Start test 6?[0m

1. Create an account 
2. Log into account 
0. Exit
> 1

Your card has been created 
Your card number: 
4000003141915393 
Your card PIN: 
8522

1. Create an account 
2. Log into account 
0. Exit
> 2

Enter your card number:
> 4000003141915393
Enter your PIN:
> 8522

You have successfully logged in!

1. Balance
2. Log out
0. Exit
> 0

Bye!
?[1;31m
Start test 7?[0m

1. Create an account 
2. Log into account 
0. Exit
> 1

Your card has been created 
Your card number: 
4000001431013044 
Your card PIN: 
2964

1. Create an account 
2. Log into account 
0. Exit
> 2

Enter your card number:
> 4000001431013044
Enter your PIN:
> 4282

Wrong card number or PIN!
> 0

Bye!

?[1;31m
Start test 8?[0m

1. Create an account 
2. Log into account 
0. Exit
> 1

Your card has been created 
Your card number: 
4000008928843387 
Your card PIN: 
5082

1. Create an account 
2. Log into account 
0. Exit
> 2

Enter your card number:
> 400000157820026
Enter your PIN:
> 5082

Wrong card number or PIN!
> 0

Bye!

?[1;31m
Start test 9?[0m

1. Create an account 
2. Log into account 
0. Exit
> 1

Your card has been created 
Your card number: 
4000001000548735 
Your card PIN: 
9255

1. Create an account 
2. Log into account 
0. Exit
> 2

Enter your card number:
> 4000001000548735
Enter your PIN:
> 9255

You have successfully logged in!

1. Balance
2. Log out
0. Exit
> 1

Balance: 0

1. Balance
2. Log out
0. Exit
> 0

Bye!
]]></system-out>
  <system-err><![CDATA[]]></system-err>
</testsuite>
