<?xml version="1.0" encoding="UTF-8"?>
<testsuite name="SimpleBankSystemTest" tests="1" skipped="0" failures="0" errors="0" timestamp="2020-10-12T00:48:01" hostname="Annas-MacBook-Pro.local" time="0.944">
  <properties/>
  <testcase name="start" classname="SimpleBankSystemTest" time="0.944"/>
  <system-out><![CDATA[?[1;31m
Start test 1?[0m

1. Create an account 
2. Log into account 
0. Exit
> 0

Bye!

?[1;31m
Start test 2?[0m

1. Create an account 
2. Log into account 
0. Exit
> 0

Bye!

?[1;31m
Start test 3?[0m

1. Create an account 
2. Log into account 
0. Exit
> 0

Bye!

?[1;31m
Start test 4?[0m

1. Create an account 
2. Log into account 
0. Exit
> 0

Bye!

?[1;31m
Start test 5?[0m

1. Create an account 
2. Log into account 
0. Exit
> 1

Your card has been created 
Your card number: 
4000007579107100 
Your card PIN: 
9176

1. Create an account 
2. Log into account 
0. Exit
> 1

Your card has been created 
Your card number: 
4000001608506002 
Your card PIN: 
6688

1. Create an account 
2. Log into account 
0. Exit
> 1

Your card has been created 
Your card number: 
4000000858340112 
Your card PIN: 
2712

1. Create an account 
2. Log into account 
0. Exit
> 1

Your card has been created 
Your card number: 
4000009062760593 
Your card PIN: 
5543

1. Create an account 
2. Log into account 
0. Exit
> 0

Bye!

?[1;31m
Start test 6?[0m

1. Create an account 
2. Log into account 
0. Exit
> 1

Your card has been created 
Your card number: 
4000004777063060 
Your card PIN: 
1364

1. Create an account 
2. Log into account 
0. Exit
> 2

Enter your card number:
> 4000004777063060
Enter your PIN:
> 1364

You have successfully logged in!

1. Balance
2. Add income
3. Do transfer
4. Close account
5. Log out
0. Exit
> 0

Bye!

?[1;31m
Start test 7?[0m

1. Create an account 
2. Log into account 
0. Exit
> 1

Your card has been created 
Your card number: 
4000008368301821 
Your card PIN: 
3580

1. Create an account 
2. Log into account 
0. Exit
> 2

Enter your card number:
> 4000008368301821
Enter your PIN:
> 9694

Wrong card number or PIN!

1. Create an account 
2. Log into account 
0. Exit
> 0

Bye!

?[1;31m
Start test 8?[0m

1. Create an account 
2. Log into account 
0. Exit
> 1

Your card has been created 
Your card number: 
4000000761922709 
Your card PIN: 
9146

1. Create an account 
2. Log into account 
0. Exit
> 2

Enter your card number:
> 400000376451583
Enter your PIN:
> 9146

Wrong card number or PIN!

1. Create an account 
2. Log into account 
0. Exit
> 0

Bye!

?[1;31m
Start test 9?[0m

1. Create an account 
2. Log into account 
0. Exit
> 1

Your card has been created 
Your card number: 
4000006536834673 
Your card PIN: 
8666

1. Create an account 
2. Log into account 
0. Exit
> 2

Enter your card number:
> 4000006536834673
Enter your PIN:
> 8666

You have successfully logged in!

1. Balance
2. Add income
3. Do transfer
4. Close account
5. Log out
0. Exit
> 1

Balance: 0

1. Balance
2. Add income
3. Do transfer
4. Close account
5. Log out
0. Exit
> 0

Bye!

?[1;31m
Start test 10?[0m

1. Create an account 
2. Log into account 
0. Exit
> 1

Your card has been created 
Your card number: 
4000008089478767 
Your card PIN: 
6942

1. Create an account 
2. Log into account 
0. Exit
> 2

Enter your card number:
> 4000008089478767
Enter your PIN:
> 6942

You have successfully logged in!

1. Balance
2. Add income
3. Do transfer
4. Close account
5. Log out
0. Exit
> 2

Enter income: 
> 10000

Income was added!

1. Balance
2. Add income
3. Do transfer
4. Close account
5. Log out
0. Exit
> 2

Enter income: 
> 15000

Income was added!

1. Balance
2. Add income
3. Do transfer
4. Close account
5. Log out
0. Exit
> 0

Bye!

?[1;31m
Start test 11?[0m

1. Create an account 
2. Log into account 
0. Exit
> 1

Your card has been created 
Your card number: 
4000006306294983 
Your card PIN: 
1081

1. Create an account 
2. Log into account 
0. Exit
> 1

Your card has been created 
Your card number: 
4000003122149723 
Your card PIN: 
9242

1. Create an account 
2. Log into account 
0. Exit
> 2

Enter your card number:
> 4000003122149723
Enter your PIN:
> 9242

You have successfully logged in!

1. Balance
2. Add income
3. Do transfer
4. Close account
5. Log out
0. Exit
> 3

Transfer
Enter card number: 
> 2000007269641764
Probably you made mistake in the card number. Please try again!

1. Balance
2. Add income
3. Do transfer
4. Close account
5. Log out
0. Exit
> 3

Transfer
Enter card number: 
> 2000007269641768
Such a card does not exist.

1. Balance
2. Add income
3. Do transfer
4. Close account
5. Log out
0. Exit
> 3

Transfer
Enter card number: 
> 4000006306294983
Enter how much money you want to transfer:
> 10000
Not enough money!

1. Balance
2. Add income
3. Do transfer
4. Close account
5. Log out
0. Exit
> 2

Enter income: 
> 20000

Income was added!

1. Balance
2. Add income
3. Do transfer
4. Close account
5. Log out
0. Exit
> 3

Transfer
Enter card number: 
> 4000006306294983
Enter how much money you want to transfer:
> 10000
Success!

1. Balance
2. Add income
3. Do transfer
4. Close account
5. Log out
0. Exit
> 0

Bye!

?[1;31m
Start test 12?[0m

1. Create an account 
2. Log into account 
0. Exit
> 1

Your card has been created 
Your card number: 
4000004002323677 
Your card PIN: 
1749

1. Create an account 
2. Log into account 
0. Exit
> 2

Enter your card number:
> 4000004002323677
Enter your PIN:
> 1749

You have successfully logged in!

1. Balance
2. Add income
3. Do transfer
4. Close account
5. Log out
0. Exit
> 4
The account has been closed!


1. Create an account 
2. Log into account 
0. Exit
> 0

Bye!

]]></system-out>
  <system-err><![CDATA[]]></system-err>
</testsuite>
